2013/08/02 11:18:04 [error] [exception.CHttpException.403] exception 'CHttpException' with message 'You are not allowed to access this page.' in /var/www/frm/framework/gii/GiiModule.php:168
Stack trace:
#0 /var/www/frm/framework/web/CController.php(263): GiiModule->beforeControllerAction(Object(DefaultController), Object(CInlineAction))
#1 /var/www/frm/framework/web/CWebApplication.php(282): CController->run('')
#2 /var/www/frm/framework/web/CWebApplication.php(141): CWebApplication->runController('gii')
#3 /var/www/frm/framework/base/CApplication.php(169): CWebApplication->processRequest()
#4 /var/www/test/index.php(13): CApplication->run()
#5 {main}
REQUEST_URI=/test/index.php?r=gii
---
2013/08/02 11:18:16 [error] [exception.CHttpException.403] exception 'CHttpException' with message 'You are not allowed to access this page.' in /var/www/frm/framework/gii/GiiModule.php:168
Stack trace:
#0 /var/www/frm/framework/web/CController.php(263): GiiModule->beforeControllerAction(Object(DefaultController), Object(CInlineAction))
#1 /var/www/frm/framework/web/CWebApplication.php(282): CController->run('')
#2 /var/www/frm/framework/web/CWebApplication.php(141): CWebApplication->runController('gii')
#3 /var/www/frm/framework/base/CApplication.php(169): CWebApplication->processRequest()
#4 /var/www/test/index.php(13): CApplication->run()
#5 {main}
REQUEST_URI=/test/index.php?r=gii
---
2013/08/02 11:18:49 [error] [exception.CHttpException.403] exception 'CHttpException' with message 'You are not allowed to access this page.' in /var/www/frm/framework/gii/GiiModule.php:168
Stack trace:
#0 /var/www/frm/framework/web/CController.php(263): GiiModule->beforeControllerAction(Object(DefaultController), Object(CInlineAction))
#1 /var/www/frm/framework/web/CWebApplication.php(282): CController->run('')
#2 /var/www/frm/framework/web/CWebApplication.php(141): CWebApplication->runController('gii')
#3 /var/www/frm/framework/base/CApplication.php(169): CWebApplication->processRequest()
#4 /var/www/test/index.php(13): CApplication->run()
#5 {main}
REQUEST_URI=/test/index.php?r=gii
---
2013/08/02 11:19:41 [error] [exception.CHttpException.403] exception 'CHttpException' with message 'You are not allowed to access this page.' in /var/www/frm/framework/gii/GiiModule.php:168
Stack trace:
#0 /var/www/frm/framework/web/CController.php(263): GiiModule->beforeControllerAction(Object(DefaultController), Object(CInlineAction))
#1 /var/www/frm/framework/web/CWebApplication.php(282): CController->run('')
#2 /var/www/frm/framework/web/CWebApplication.php(141): CWebApplication->runController('gii')
#3 /var/www/frm/framework/base/CApplication.php(169): CWebApplication->processRequest()
#4 /var/www/test/index.php(13): CApplication->run()
#5 {main}
REQUEST_URI=/test/index.php?r=gii
---
2013/08/02 11:19:50 [error] [exception.CHttpException.403] exception 'CHttpException' with message 'You are not allowed to access this page.' in /var/www/frm/framework/gii/GiiModule.php:168
Stack trace:
#0 /var/www/frm/framework/web/CController.php(263): GiiModule->beforeControllerAction(Object(DefaultController), Object(CInlineAction))
#1 /var/www/frm/framework/web/CWebApplication.php(282): CController->run('')
#2 /var/www/frm/framework/web/CWebApplication.php(141): CWebApplication->runController('gii')
#3 /var/www/frm/framework/base/CApplication.php(169): CWebApplication->processRequest()
#4 /var/www/test/index.php(13): CApplication->run()
#5 {main}
REQUEST_URI=/test/index.php?r=gii
---
2013/08/02 11:20:00 [error] [exception.CHttpException.403] exception 'CHttpException' with message 'You are not allowed to access this page.' in /var/www/frm/framework/gii/GiiModule.php:168
Stack trace:
#0 /var/www/frm/framework/web/CController.php(263): GiiModule->beforeControllerAction(Object(DefaultController), Object(CInlineAction))
#1 /var/www/frm/framework/web/CWebApplication.php(282): CController->run('')
#2 /var/www/frm/framework/web/CWebApplication.php(141): CWebApplication->runController('gii')
#3 /var/www/frm/framework/base/CApplication.php(169): CWebApplication->processRequest()
#4 /var/www/test/index.php(13): CApplication->run()
#5 {main}
REQUEST_URI=/test/index.php?r=gii
---
2013/08/02 11:26:49 [error] [exception.CHttpException.403] exception 'CHttpException' with message 'You are not allowed to access this page.' in /var/www/frm/framework/gii/GiiModule.php:168
Stack trace:
#0 /var/www/frm/framework/web/CController.php(263): GiiModule->beforeControllerAction(Object(DefaultController), Object(CInlineAction))
#1 /var/www/frm/framework/web/CWebApplication.php(282): CController->run('')
#2 /var/www/frm/framework/web/CWebApplication.php(141): CWebApplication->runController('gii')
#3 /var/www/frm/framework/base/CApplication.php(169): CWebApplication->processRequest()
#4 /var/www/test/index.php(13): CApplication->run()
#5 {main}
REQUEST_URI=/test/index.php?r=gii
---
2013/08/02 11:27:34 [error] [exception.CHttpException.403] exception 'CHttpException' with message 'You are not allowed to access this page.' in /var/www/frm/framework/gii/GiiModule.php:168
Stack trace:
#0 /var/www/frm/framework/web/CController.php(263): GiiModule->beforeControllerAction(Object(DefaultController), Object(CInlineAction))
#1 /var/www/frm/framework/web/CWebApplication.php(282): CController->run('')
#2 /var/www/frm/framework/web/CWebApplication.php(141): CWebApplication->runController('gii')
#3 /var/www/frm/framework/base/CApplication.php(169): CWebApplication->processRequest()
#4 /var/www/test/index.php(13): CApplication->run()
#5 {main}
REQUEST_URI=/test/index.php?r=gii
---
2013/08/02 11:27:37 [error] [exception.CHttpException.403] exception 'CHttpException' with message 'You are not allowed to access this page.' in /var/www/frm/framework/gii/GiiModule.php:168
Stack trace:
#0 /var/www/frm/framework/web/CController.php(263): GiiModule->beforeControllerAction(Object(DefaultController), Object(CInlineAction))
#1 /var/www/frm/framework/web/CWebApplication.php(282): CController->run('')
#2 /var/www/frm/framework/web/CWebApplication.php(141): CWebApplication->runController('gii')
#3 /var/www/frm/framework/base/CApplication.php(169): CWebApplication->processRequest()
#4 /var/www/test/index.php(13): CApplication->run()
#5 {main}
REQUEST_URI=/test/index.php?r=gii
---
2013/08/02 11:29:13 [error] [exception.CHttpException.403] exception 'CHttpException' with message 'You are not allowed to access this page.' in /var/www/frm/framework/gii/GiiModule.php:168
Stack trace:
#0 /var/www/frm/framework/web/CController.php(263): GiiModule->beforeControllerAction(Object(DefaultController), Object(CInlineAction))
#1 /var/www/frm/framework/web/CWebApplication.php(282): CController->run('')
#2 /var/www/frm/framework/web/CWebApplication.php(141): CWebApplication->runController('gii')
#3 /var/www/frm/framework/base/CApplication.php(169): CWebApplication->processRequest()
#4 /var/www/test/index.php(13): CApplication->run()
#5 {main}
REQUEST_URI=/test/index.php?r=gii
---
2013/08/02 11:29:23 [error] [exception.CHttpException.403] exception 'CHttpException' with message 'You are not allowed to access this page.' in /var/www/frm/framework/gii/GiiModule.php:168
Stack trace:
#0 /var/www/frm/framework/web/CController.php(263): GiiModule->beforeControllerAction(Object(DefaultController), Object(CInlineAction))
#1 /var/www/frm/framework/web/CWebApplication.php(282): CController->run('')
#2 /var/www/frm/framework/web/CWebApplication.php(141): CWebApplication->runController('gii')
#3 /var/www/frm/framework/base/CApplication.php(169): CWebApplication->processRequest()
#4 /var/www/test/index.php(13): CApplication->run()
#5 {main}
REQUEST_URI=/test/index.php?r=gii
---
2013/08/02 11:41:13 [error] [exception.CHttpException.403] exception 'CHttpException' with message 'You are not allowed to access this page.' in /var/www/frm/framework/gii/GiiModule.php:168
Stack trace:
#0 /var/www/frm/framework/web/CController.php(263): GiiModule->beforeControllerAction(Object(DefaultController), Object(CInlineAction))
#1 /var/www/frm/framework/web/CWebApplication.php(282): CController->run('')
#2 /var/www/frm/framework/web/CWebApplication.php(141): CWebApplication->runController('gii')
#3 /var/www/frm/framework/base/CApplication.php(169): CWebApplication->processRequest()
#4 /var/www/test/index.php(13): CApplication->run()
#5 {main}
REQUEST_URI=/test/index.php?r=gii
---
2013/08/02 11:41:22 [error] [exception.CHttpException.403] exception 'CHttpException' with message 'You are not allowed to access this page.' in /var/www/frm/framework/gii/GiiModule.php:168
Stack trace:
#0 /var/www/frm/framework/web/CController.php(263): GiiModule->beforeControllerAction(Object(DefaultController), Object(CInlineAction))
#1 /var/www/frm/framework/web/CWebApplication.php(282): CController->run('')
#2 /var/www/frm/framework/web/CWebApplication.php(141): CWebApplication->runController('gii')
#3 /var/www/frm/framework/base/CApplication.php(169): CWebApplication->processRequest()
#4 /var/www/test/index.php(13): CApplication->run()
#5 {main}
REQUEST_URI=/test/index.php?r=gii
---
2013/08/02 11:41:25 [error] [exception.CHttpException.403] exception 'CHttpException' with message 'You are not allowed to access this page.' in /var/www/frm/framework/gii/GiiModule.php:168
Stack trace:
#0 /var/www/frm/framework/web/CController.php(263): GiiModule->beforeControllerAction(Object(DefaultController), Object(CInlineAction))
#1 /var/www/frm/framework/web/CWebApplication.php(282): CController->run('')
#2 /var/www/frm/framework/web/CWebApplication.php(141): CWebApplication->runController('gii')
#3 /var/www/frm/framework/base/CApplication.php(169): CWebApplication->processRequest()
#4 /var/www/test/index.php(13): CApplication->run()
#5 {main}
REQUEST_URI=/test/index.php?r=gii
---
2013/08/02 11:59:44 [error] [exception.CHttpException.403] exception 'CHttpException' with message 'You are not allowed to access this page.' in /var/www/frm/framework/gii/GiiModule.php:168
Stack trace:
#0 /var/www/frm/framework/web/CController.php(263): GiiModule->beforeControllerAction(Object(DefaultController), Object(CInlineAction))
#1 /var/www/frm/framework/web/CWebApplication.php(282): CController->run('')
#2 /var/www/frm/framework/web/CWebApplication.php(141): CWebApplication->runController('gii')
#3 /var/www/frm/framework/base/CApplication.php(169): CWebApplication->processRequest()
#4 /var/www/test/index.php(13): CApplication->run()
#5 {main}
REQUEST_URI=/test/index.php?r=gii
---
2013/08/02 12:01:27 [error] [exception.CHttpException.403] exception 'CHttpException' with message 'You are not allowed to access this page.' in /var/www/frm/framework/gii/GiiModule.php:168
Stack trace:
#0 /var/www/frm/framework/web/CController.php(263): GiiModule->beforeControllerAction(Object(DefaultController), Object(CInlineAction))
#1 /var/www/frm/framework/web/CWebApplication.php(282): CController->run('')
#2 /var/www/frm/framework/web/CWebApplication.php(141): CWebApplication->runController('gii')
#3 /var/www/frm/framework/base/CApplication.php(169): CWebApplication->processRequest()
#4 /var/www/test/index.php(13): CApplication->run()
#5 {main}
REQUEST_URI=/test/index.php?r=gii
---
2013/08/02 12:01:49 [error] [exception.CHttpException.403] exception 'CHttpException' with message 'You are not allowed to access this page.' in /var/www/frm/framework/gii/GiiModule.php:168
Stack trace:
#0 /var/www/frm/framework/web/CController.php(263): GiiModule->beforeControllerAction(Object(DefaultController), Object(CInlineAction))
#1 /var/www/frm/framework/web/CWebApplication.php(282): CController->run('')
#2 /var/www/frm/framework/web/CWebApplication.php(141): CWebApplication->runController('gii')
#3 /var/www/frm/framework/base/CApplication.php(169): CWebApplication->processRequest()
#4 /var/www/test/index.php(13): CApplication->run()
#5 {main}
REQUEST_URI=/test/index.php?r=gii
---
2013/08/02 12:02:34 [error] [exception.CHttpException.403] exception 'CHttpException' with message 'You are not allowed to access this page.' in /var/www/frm/framework/gii/GiiModule.php:168
Stack trace:
#0 /var/www/frm/framework/web/CController.php(263): GiiModule->beforeControllerAction(Object(DefaultController), Object(CInlineAction))
#1 /var/www/frm/framework/web/CWebApplication.php(282): CController->run('')
#2 /var/www/frm/framework/web/CWebApplication.php(141): CWebApplication->runController('gii')
#3 /var/www/frm/framework/base/CApplication.php(169): CWebApplication->processRequest()
#4 /var/www/test/index.php(13): CApplication->run()
#5 {main}
REQUEST_URI=/test/index.php?r=gii
---
2013/08/02 12:07:41 [error] [exception.CHttpException.403] exception 'CHttpException' with message 'You are not allowed to access this page.' in /var/www/frm/framework/gii/GiiModule.php:168
Stack trace:
#0 /var/www/frm/framework/web/CController.php(263): GiiModule->beforeControllerAction(Object(DefaultController), Object(CInlineAction))
#1 /var/www/frm/framework/web/CWebApplication.php(282): CController->run('')
#2 /var/www/frm/framework/web/CWebApplication.php(141): CWebApplication->runController('gii')
#3 /var/www/frm/framework/base/CApplication.php(169): CWebApplication->processRequest()
#4 /var/www/test/index.php(13): CApplication->run()
#5 {main}
REQUEST_URI=/test/index.php?r=gii
---
2013/08/02 12:07:52 [error] [exception.CHttpException.403] exception 'CHttpException' with message 'You are not allowed to access this page.' in /var/www/frm/framework/gii/GiiModule.php:168
Stack trace:
#0 /var/www/frm/framework/web/CController.php(263): GiiModule->beforeControllerAction(Object(DefaultController), Object(CInlineAction))
#1 /var/www/frm/framework/web/CWebApplication.php(282): CController->run('')
#2 /var/www/frm/framework/web/CWebApplication.php(141): CWebApplication->runController('gii')
#3 /var/www/frm/framework/base/CApplication.php(169): CWebApplication->processRequest()
#4 /var/www/test/index.php(13): CApplication->run()
#5 {main}
REQUEST_URI=/test/index.php?r=gii
---
2013/08/02 12:33:19 [error] [exception.CHttpException.404] exception 'CHttpException' with message 'Unable to resolve the request "layouts".' in /var/www/frm/framework/web/CWebApplication.php:286
Stack trace:
#0 /var/www/frm/framework/web/CWebApplication.php(141): CWebApplication->runController('layouts')
#1 /var/www/frm/framework/base/CApplication.php(169): CWebApplication->processRequest()
#2 /var/www/test/index.php(13): CApplication->run()
#3 {main}
REQUEST_URI=/test/index.php?r=layouts
---
